<?xml version="1.0" encoding="UTF-8"?>
<!-- Generated by org.testng.reporters.JUnitReportReporter -->
<testsuite hostname="DESKTOP-L75NHHM" failures="0" tests="2" name="com.kptest.NewTest" time="0.020" errors="0" timestamp="2021-01-31T15:16:38 PST" skipped="0">
  <testcase classname="com.kptest.NewTest" name="testCase2" time="0.004"/>
  <system-out/>
  <testcase classname="com.kptest.NewTest" name="testCase1" time="0.016"/>
  <system-out/>
</testsuite> <!-- com.kptest.NewTest -->
