<?xml version="1.0" encoding="UTF-8"?>
<!-- Generated by org.testng.reporters.JUnitReportReporter -->
<testsuite hostname="DESKTOP-L75NHHM" failures="0" tests="1" name="com.IntgTest.googTest" time="5.352" errors="0" timestamp="2021-01-31T19:11:15 PST" skipped="0">
  <testcase classname="com.IntgTest.googTest" name="refreshInstacart" time="5.352"/>
  <system-out/>
</testsuite> <!-- com.IntgTest.googTest -->
